0 info it worked if it ends with ok
1 verbose cli [ 'node',
1 verbose cli   '/usr/local/bin/npm',
1 verbose cli   'install',
1 verbose cli   'cookie-parser@0.1.3',
1 verbose cli   '--save' ]
2 info using npm@1.4.28
3 info using node@v0.10.33
4 warn package.json chirper@1.0.0 No repository field.
5 verbose readDependencies using package.json deps
6 verbose cache add [ 'cookie-parser@0.1.3', null ]
7 verbose cache add name=undefined spec="cookie-parser@0.1.3" args=["cookie-parser@0.1.3",null]
8 verbose parsed url { protocol: null,
8 verbose parsed url   slashes: null,
8 verbose parsed url   auth: null,
8 verbose parsed url   host: null,
8 verbose parsed url   port: null,
8 verbose parsed url   hostname: null,
8 verbose parsed url   hash: null,
8 verbose parsed url   search: null,
8 verbose parsed url   query: null,
8 verbose parsed url   pathname: 'cookie-parser@0.1.3',
8 verbose parsed url   path: 'cookie-parser@0.1.3',
8 verbose parsed url   href: 'cookie-parser@0.1.3' }
9 verbose cache add name="cookie-parser" spec="0.1.3" args=["cookie-parser","0.1.3"]
10 verbose parsed url { protocol: null,
10 verbose parsed url   slashes: null,
10 verbose parsed url   auth: null,
10 verbose parsed url   host: null,
10 verbose parsed url   port: null,
10 verbose parsed url   hostname: null,
10 verbose parsed url   hash: null,
10 verbose parsed url   search: null,
10 verbose parsed url   query: null,
10 verbose parsed url   pathname: '0.1.3',
10 verbose parsed url   path: '0.1.3',
10 verbose parsed url   href: '0.1.3' }
11 verbose addNamed [ 'cookie-parser', '0.1.3' ]
12 verbose addNamed [ '0.1.3', '0.1.3' ]
13 silly lockFile 929c1445-cookie-parser-0-1-3 cookie-parser@0.1.3
14 verbose lock cookie-parser@0.1.3 /Users/jnaioti/.npm/929c1445-cookie-parser-0-1-3.lock
15 verbose request where is /cookie-parser
16 verbose request registry https://registry.npmjs.org/
17 verbose request id 8f5bcdb13a8e7bec
18 verbose url raw /cookie-parser
19 verbose url resolving [ 'https://registry.npmjs.org/', './cookie-parser' ]
20 verbose url resolved https://registry.npmjs.org/cookie-parser
21 verbose request where is https://registry.npmjs.org/cookie-parser
22 info trying registry request attempt 1 at 11:37:52
23 verbose etag "EY9G5SIXF5JDOA3AF7RU530KN"
24 http GET https://registry.npmjs.org/cookie-parser
25 http 200 https://registry.npmjs.org/cookie-parser
26 silly registry.get cb [ 200,
26 silly registry.get   { server: 'CouchDB/1.5.0 (Erlang OTP/R16B03)',
26 silly registry.get     etag: '"ATOU130F5J4CW554NZMOJYLMR"',
26 silly registry.get     'content-type': 'application/json',
26 silly registry.get     'cache-control': 'max-age=60',
26 silly registry.get     'content-length': '20081',
26 silly registry.get     'accept-ranges': 'bytes',
26 silly registry.get     date: 'Thu, 22 Oct 2015 16:37:50 GMT',
26 silly registry.get     via: '1.1 varnish',
26 silly registry.get     age: '48',
26 silly registry.get     connection: 'keep-alive',
26 silly registry.get     'x-served-by': 'cache-ord1724-ORD',
26 silly registry.get     'x-cache': 'HIT',
26 silly registry.get     'x-cache-hits': '2',
26 silly registry.get     'x-timer': 'S1445531870.867196,VS0,VE0',
26 silly registry.get     vary: 'Accept' } ]
27 silly lockFile 929c1445-cookie-parser-0-1-3 cookie-parser@0.1.3
28 silly lockFile 929c1445-cookie-parser-0-1-3 cookie-parser@0.1.3
29 error Error: version not found: cookie-parser@0.1.3
29 error     at /usr/local/lib/node_modules/npm/lib/cache/add-named.js:125:12
29 error     at saved (/usr/local/lib/node_modules/npm/node_modules/npm-registry-client/lib/get.js:167:7)
29 error     at Object.oncomplete (fs.js:107:15)
30 error If you need help, you may report this *entire* log,
30 error including the npm and node versions, at:
30 error     <http://github.com/npm/npm/issues>
31 error System Darwin 14.3.0
32 error command "node" "/usr/local/bin/npm" "install" "cookie-parser@0.1.3" "--save"
33 error cwd /Users/jnaioti/workspace/_learning/react_js/chirper
34 error node -v v0.10.33
35 error npm -v 1.4.28
36 verbose exit [ 1, true ]
